2023-03-19 06:59:18,346 INFO this is where the file is opened to be read
2023-03-19 06:59:18,346 ERROR File did not open there is some error
2023-03-19 06:59:39,781 INFO this is where the file is opened to be read
2023-03-19 06:59:39,782 ERROR File did not open there is some error
2023-03-19 07:02:06,398 INFO this is where the file is opened to be read
2023-03-19 07:02:06,399 ERROR File did not open there is some error
2023-03-19 07:03:14,607 INFO this is where the file is opened to be read
2023-03-19 07:03:14,608 INFO else block executing as try block executed
2023-03-19 07:03:14,608 INFO this is finally block which execute any code which should execute at any cost
2023-03-19 07:23:53,815 DEBUG diff parser start
2023-03-19 07:23:53,815 DEBUG line_lengths old: 7; new: 3
2023-03-19 07:23:53,815 DEBUG -> code[replace] old[1:7] new[1:3]
2023-03-19 07:23:53,815 DEBUG parse_part from 1 to 3 (to 2 in part parser)
2023-03-19 07:23:53,830 DEBUG diff parser end
2023-03-19 07:23:54,046 DEBUG diff parser start
2023-03-19 07:23:54,046 DEBUG line_lengths old: 3; new: 3
2023-03-19 07:23:54,046 DEBUG -> code[equal] old[1:2] new[1:2]
2023-03-19 07:23:54,046 DEBUG parse_part from 1 to 3 (to 2 in part parser)
2023-03-19 07:23:54,046 DEBUG -> code[replace] old[3:3] new[3:3]
2023-03-19 07:23:54,046 DEBUG diff parser end
2023-03-19 07:24:06,998 DEBUG diff parser start
2023-03-19 07:24:06,998 DEBUG line_lengths old: 3; new: 4
2023-03-19 07:24:06,998 DEBUG -> code[equal] old[1:2] new[1:2]
2023-03-19 07:24:06,998 DEBUG parse_part from 1 to 4 (to 3 in part parser)
2023-03-19 07:24:06,998 DEBUG -> code[replace] old[3:3] new[3:4]
2023-03-19 07:24:06,998 DEBUG diff parser end
2023-03-19 07:24:21,247 DEBUG diff parser start
2023-03-19 07:24:21,248 DEBUG line_lengths old: 4; new: 5
2023-03-19 07:24:21,249 DEBUG -> code[equal] old[1:3] new[1:3]
2023-03-19 07:24:21,251 DEBUG parse_part from 1 to 5 (to 4 in part parser)
2023-03-19 07:24:21,251 DEBUG -> code[replace] old[4:4] new[4:5]
2023-03-19 07:24:21,252 DEBUG diff parser end
2023-03-19 07:25:43,066 DEBUG diff parser start
2023-03-19 07:25:43,066 DEBUG line_lengths old: 5; new: 4
2023-03-19 07:25:43,066 DEBUG -> code[replace] old[1:5] new[1:4]
2023-03-19 07:25:43,066 DEBUG parse_part from 1 to 4 (to 3 in part parser)
2023-03-19 07:25:43,066 DEBUG diff parser end
2023-03-19 07:36:48,722 DEBUG diff parser start
2023-03-19 07:36:48,722 DEBUG line_lengths old: 4; new: 4
2023-03-19 07:36:48,722 DEBUG -> code[replace] old[1:4] new[1:4]
2023-03-19 07:36:48,722 DEBUG parse_part from 1 to 4 (to 3 in part parser)
2023-03-19 07:36:48,722 DEBUG diff parser end
2023-03-19 07:36:53,371 DEBUG diff parser start
2023-03-19 07:36:53,371 DEBUG line_lengths old: 4; new: 4
2023-03-19 07:36:53,371 DEBUG -> code[equal] old[1:3] new[1:3]
2023-03-19 07:36:53,371 DEBUG parse_part from 1 to 4 (to 3 in part parser)
2023-03-19 07:36:53,371 DEBUG -> code[replace] old[4:4] new[4:4]
2023-03-19 07:36:53,371 DEBUG diff parser end
2023-03-19 07:36:53,605 DEBUG diff parser start
2023-03-19 07:36:53,605 DEBUG line_lengths old: 4; new: 4
2023-03-19 07:36:53,605 DEBUG -> code[equal] old[1:3] new[1:3]
2023-03-19 07:36:53,621 DEBUG parse_part from 1 to 4 (to 3 in part parser)
2023-03-19 07:36:53,626 DEBUG -> code[replace] old[4:4] new[4:4]
2023-03-19 07:36:53,627 DEBUG diff parser end
2023-03-19 07:37:38,900 DEBUG diff parser start
2023-03-19 07:37:38,900 DEBUG line_lengths old: 4; new: 3
2023-03-19 07:37:38,900 DEBUG -> code[equal] old[1:1] new[1:1]
2023-03-19 07:37:38,900 DEBUG parse_part from 1 to 3 (to 2 in part parser)
2023-03-19 07:37:38,900 DEBUG -> code[replace] old[2:4] new[2:3]
2023-03-19 07:37:38,900 DEBUG diff parser end
2023-03-19 07:37:47,475 DEBUG diff parser start
2023-03-19 07:37:47,475 DEBUG line_lengths old: 3; new: 3
2023-03-19 07:37:47,475 DEBUG -> code[equal] old[1:2] new[1:2]
2023-03-19 07:37:47,475 DEBUG parse_part from 1 to 3 (to 2 in part parser)
2023-03-19 07:37:47,475 DEBUG -> code[replace] old[3:3] new[3:3]
2023-03-19 07:37:47,475 DEBUG diff parser end
2023-03-19 07:37:47,800 DEBUG diff parser start
2023-03-19 07:37:47,800 DEBUG line_lengths old: 3; new: 3
2023-03-19 07:37:47,800 DEBUG -> code[equal] old[1:2] new[1:2]
2023-03-19 07:37:47,800 DEBUG parse_part from 1 to 3 (to 2 in part parser)
2023-03-19 07:37:47,816 DEBUG -> code[replace] old[3:3] new[3:3]
2023-03-19 07:37:47,816 DEBUG diff parser end
2023-03-19 07:38:52,867 DEBUG diff parser start
2023-03-19 07:38:52,867 DEBUG line_lengths old: 3; new: 3
2023-03-19 07:38:52,867 DEBUG -> code[equal] old[1:2] new[1:2]
2023-03-19 07:38:52,867 DEBUG parse_part from 1 to 3 (to 2 in part parser)
2023-03-19 07:38:52,867 DEBUG -> code[replace] old[3:3] new[3:3]
2023-03-19 07:38:52,867 DEBUG diff parser end
2023-03-19 07:40:34,723 DEBUG diff parser start
2023-03-19 07:40:34,723 DEBUG line_lengths old: 3; new: 3
2023-03-19 07:40:34,723 DEBUG -> code[equal] old[1:1] new[1:1]
2023-03-19 07:40:34,723 DEBUG parse_part from 1 to 3 (to 2 in part parser)
2023-03-19 07:40:34,723 DEBUG -> code[replace] old[2:3] new[2:3]
2023-03-19 07:40:34,723 DEBUG diff parser end
2023-03-19 07:42:21,377 DEBUG diff parser start
2023-03-19 07:42:21,377 DEBUG line_lengths old: 3; new: 4
2023-03-19 07:42:21,377 DEBUG -> code[equal] old[1:1] new[1:1]
2023-03-19 07:42:21,377 DEBUG parse_part from 1 to 4 (to 3 in part parser)
2023-03-19 07:42:21,377 DEBUG -> code[replace] old[2:3] new[2:4]
2023-03-19 07:42:21,385 DEBUG diff parser end
2023-03-19 07:43:34,713 DEBUG diff parser start
2023-03-19 07:43:34,713 DEBUG line_lengths old: 4; new: 3
2023-03-19 07:43:34,713 DEBUG -> code[equal] old[1:1] new[1:1]
2023-03-19 07:43:34,713 DEBUG parse_part from 1 to 3 (to 2 in part parser)
2023-03-19 07:43:34,713 DEBUG -> code[replace] old[2:4] new[2:3]
2023-03-19 07:43:34,713 DEBUG diff parser end
2023-03-19 07:44:10,722 DEBUG diff parser start
2023-03-19 07:44:10,723 DEBUG line_lengths old: 3; new: 4
2023-03-19 07:44:10,723 DEBUG -> code[equal] old[1:1] new[1:1]
2023-03-19 07:44:10,724 DEBUG parse_part from 1 to 4 (to 3 in part parser)
2023-03-19 07:44:10,725 DEBUG -> code[replace] old[2:3] new[2:4]
2023-03-19 07:44:10,725 DEBUG diff parser end
2023-03-19 07:45:00,138 DEBUG diff parser start
2023-03-19 07:45:00,138 DEBUG line_lengths old: 4; new: 3
2023-03-19 07:45:00,138 DEBUG -> code[equal] old[1:1] new[1:1]
2023-03-19 07:45:00,138 DEBUG parse_part from 1 to 3 (to 2 in part parser)
2023-03-19 07:45:00,138 DEBUG -> code[replace] old[2:4] new[2:3]
2023-03-19 07:45:00,138 DEBUG diff parser end
2023-03-19 07:46:06,472 DEBUG diff parser start
2023-03-19 07:46:06,472 DEBUG line_lengths old: 3; new: 4
2023-03-19 07:46:06,472 DEBUG -> code[equal] old[1:1] new[1:1]
2023-03-19 07:46:06,472 DEBUG parse_part from 1 to 4 (to 3 in part parser)
2023-03-19 07:46:06,472 DEBUG -> code[replace] old[2:3] new[2:4]
2023-03-19 07:46:06,472 DEBUG diff parser end
2023-03-19 07:46:41,279 DEBUG diff parser start
2023-03-19 07:46:41,279 DEBUG line_lengths old: 4; new: 4
2023-03-19 07:46:41,279 DEBUG -> code[equal] old[1:3] new[1:3]
2023-03-19 07:46:41,279 DEBUG parse_part from 1 to 4 (to 3 in part parser)
2023-03-19 07:46:41,295 DEBUG -> code[replace] old[4:4] new[4:4]
2023-03-19 07:46:41,295 DEBUG diff parser end
2023-03-19 08:01:05,882 DEBUG diff parser start
2023-03-19 08:01:05,882 DEBUG line_lengths old: 4; new: 2
2023-03-19 08:01:05,882 DEBUG -> code[replace] old[1:4] new[1:2]
2023-03-19 08:01:05,882 DEBUG parse_part from 1 to 2 (to 1 in part parser)
2023-03-19 08:01:05,882 DEBUG diff parser end
2023-03-19 08:01:08,326 DEBUG diff parser start
2023-03-19 08:01:08,326 DEBUG line_lengths old: 2; new: 2
2023-03-19 08:01:08,327 DEBUG -> code[equal] old[1:1] new[1:1]
2023-03-19 08:01:08,327 DEBUG copy old[1:1] new[1:1]
2023-03-19 08:01:08,327 DEBUG -> code[replace] old[2:2] new[2:2]
2023-03-19 08:01:08,328 DEBUG parse_part from 2 to 2 (to 1 in part parser)
2023-03-19 08:01:08,329 DEBUG diff parser end
2023-03-19 08:01:08,455 DEBUG diff parser start
2023-03-19 08:01:08,455 DEBUG line_lengths old: 2; new: 2
2023-03-19 08:01:08,455 DEBUG -> code[equal] old[1:1] new[1:1]
2023-03-19 08:01:08,455 DEBUG copy old[1:1] new[1:1]
2023-03-19 08:01:08,455 DEBUG -> code[replace] old[2:2] new[2:2]
2023-03-19 08:01:08,455 DEBUG parse_part from 2 to 2 (to 1 in part parser)
2023-03-19 08:01:08,455 DEBUG diff parser end
2023-03-19 08:01:23,402 DEBUG diff parser start
2023-03-19 08:01:23,402 DEBUG line_lengths old: 2; new: 2
2023-03-19 08:01:23,402 DEBUG -> code[equal] old[1:1] new[1:1]
2023-03-19 08:01:23,402 DEBUG copy old[1:1] new[1:1]
2023-03-19 08:01:23,402 DEBUG -> code[replace] old[2:2] new[2:2]
2023-03-19 08:01:23,402 DEBUG parse_part from 2 to 2 (to 1 in part parser)
2023-03-19 08:01:23,402 DEBUG diff parser end
2023-03-19 08:01:24,787 DEBUG diff parser start
2023-03-19 08:01:24,788 DEBUG line_lengths old: 2; new: 2
2023-03-19 08:01:24,788 DEBUG -> code[equal] old[1:1] new[1:1]
2023-03-19 08:01:24,789 DEBUG copy old[1:1] new[1:1]
2023-03-19 08:01:24,789 DEBUG -> code[replace] old[2:2] new[2:2]
2023-03-19 08:01:24,789 DEBUG parse_part from 2 to 2 (to 1 in part parser)
2023-03-19 08:01:24,790 DEBUG diff parser end
2023-03-19 08:01:53,039 DEBUG diff parser start
2023-03-19 08:01:53,039 DEBUG line_lengths old: 2; new: 2
2023-03-19 08:01:53,039 DEBUG -> code[equal] old[1:1] new[1:1]
2023-03-19 08:01:53,039 DEBUG copy old[1:1] new[1:1]
2023-03-19 08:01:53,039 DEBUG -> code[replace] old[2:2] new[2:2]
2023-03-19 08:01:53,039 DEBUG parse_part from 2 to 2 (to 1 in part parser)
2023-03-19 08:01:53,039 DEBUG diff parser end
2023-03-19 08:02:02,409 DEBUG diff parser start
2023-03-19 08:02:02,409 DEBUG line_lengths old: 2; new: 2
2023-03-19 08:02:02,409 DEBUG -> code[equal] old[1:1] new[1:1]
2023-03-19 08:02:02,409 DEBUG copy old[1:1] new[1:1]
2023-03-19 08:02:02,409 DEBUG -> code[replace] old[2:2] new[2:2]
2023-03-19 08:02:02,409 DEBUG parse_part from 2 to 2 (to 1 in part parser)
2023-03-19 08:02:02,409 DEBUG diff parser end
2023-03-19 08:03:19,762 DEBUG diff parser start
2023-03-19 08:03:19,762 DEBUG line_lengths old: 2; new: 7
2023-03-19 08:03:19,762 DEBUG -> code[equal] old[1:1] new[1:1]
2023-03-19 08:03:19,762 DEBUG copy old[1:1] new[1:1]
2023-03-19 08:03:19,762 DEBUG -> code[replace] old[2:2] new[2:7]
2023-03-19 08:03:19,762 DEBUG parse_part from 2 to 7 (to 6 in part parser)
2023-03-19 08:03:19,762 DEBUG diff parser end
2023-03-19 08:03:21,515 DEBUG diff parser start
2023-03-19 08:03:21,515 DEBUG line_lengths old: 7; new: 7
2023-03-19 08:03:21,515 DEBUG -> code[equal] old[1:6] new[1:6]
2023-03-19 08:03:21,515 DEBUG copy old[1:2] new[1:2]
2023-03-19 08:03:21,515 DEBUG parse_part from 3 to 7 (to 6 in part parser)
2023-03-19 08:03:21,530 DEBUG -> code[replace] old[7:7] new[7:7]
2023-03-19 08:03:21,530 DEBUG diff parser end
2023-03-19 08:05:01,509 ERROR this is my error:- division by zero
2023-03-19 08:07:10,675 ERROR this is my error:- division by zero
2023-03-19 08:12:05,405 DEBUG diff parser start
2023-03-19 08:12:05,405 DEBUG line_lengths old: 7; new: 2
2023-03-19 08:12:05,405 DEBUG -> code[delete] old[1:2] new[1:0]
2023-03-19 08:12:05,405 DEBUG -> code[equal] old[3:3] new[1:1]
2023-03-19 08:12:05,405 DEBUG parse_part from 1 to 2 (to 1 in part parser)
2023-03-19 08:12:05,405 DEBUG -> code[replace] old[4:7] new[2:2]
2023-03-19 08:12:05,405 DEBUG diff parser end
2023-03-19 08:13:18,462 DEBUG diff parser start
2023-03-19 08:13:18,462 DEBUG line_lengths old: 2; new: 5
2023-03-19 08:13:18,462 DEBUG -> code[equal] old[1:1] new[1:1]
2023-03-19 08:13:18,462 DEBUG parse_part from 1 to 5 (to 4 in part parser)
2023-03-19 08:13:18,462 DEBUG -> code[replace] old[2:2] new[2:5]
2023-03-19 08:13:18,462 DEBUG diff parser end
2023-03-19 08:13:19,381 DEBUG diff parser start
2023-03-19 08:13:19,381 DEBUG line_lengths old: 5; new: 5
2023-03-19 08:13:19,381 DEBUG -> code[equal] old[1:4] new[1:4]
2023-03-19 08:13:19,397 DEBUG parse_part from 1 to 5 (to 4 in part parser)
2023-03-19 08:13:19,397 DEBUG -> code[replace] old[5:5] new[5:5]
2023-03-19 08:13:19,401 DEBUG diff parser end
2023-03-19 08:13:43,733 DEBUG diff parser start
2023-03-19 08:13:43,734 DEBUG line_lengths old: 5; new: 4
2023-03-19 08:13:43,734 DEBUG -> code[equal] old[1:3] new[1:3]
2023-03-19 08:13:43,735 DEBUG parse_part from 1 to 4 (to 3 in part parser)
2023-03-19 08:13:43,736 DEBUG -> code[replace] old[4:5] new[4:4]
2023-03-19 08:13:43,736 DEBUG diff parser end
2023-03-19 08:13:49,838 DEBUG diff parser start
2023-03-19 08:13:49,838 DEBUG line_lengths old: 4; new: 4
2023-03-19 08:13:49,838 DEBUG -> code[equal] old[1:3] new[1:3]
2023-03-19 08:13:49,838 DEBUG parse_part from 1 to 4 (to 3 in part parser)
2023-03-19 08:13:49,838 DEBUG -> code[replace] old[4:4] new[4:4]
2023-03-19 08:13:49,838 DEBUG diff parser end
2023-03-19 08:13:50,208 DEBUG diff parser start
2023-03-19 08:13:50,208 DEBUG line_lengths old: 4; new: 4
2023-03-19 08:13:50,208 DEBUG -> code[equal] old[1:3] new[1:3]
2023-03-19 08:13:50,210 DEBUG parse_part from 1 to 4 (to 3 in part parser)
2023-03-19 08:13:50,210 DEBUG -> code[replace] old[4:4] new[4:4]
2023-03-19 08:13:50,210 DEBUG diff parser end
2023-03-19 08:13:52,460 DEBUG diff parser start
2023-03-19 08:13:52,460 DEBUG line_lengths old: 4; new: 4
2023-03-19 08:13:52,460 DEBUG -> code[equal] old[1:3] new[1:3]
2023-03-19 08:13:52,460 DEBUG parse_part from 1 to 4 (to 3 in part parser)
2023-03-19 08:13:52,460 DEBUG -> code[replace] old[4:4] new[4:4]
2023-03-19 08:13:52,460 DEBUG diff parser end
2023-03-19 08:13:54,364 DEBUG diff parser start
2023-03-19 08:13:54,365 DEBUG line_lengths old: 4; new: 4
2023-03-19 08:13:54,365 DEBUG -> code[equal] old[1:3] new[1:3]
2023-03-19 08:13:54,366 DEBUG parse_part from 1 to 4 (to 3 in part parser)
2023-03-19 08:13:54,366 DEBUG -> code[replace] old[4:4] new[4:4]
2023-03-19 08:13:54,366 DEBUG diff parser end
2023-03-19 08:13:55,599 DEBUG diff parser start
2023-03-19 08:13:55,599 DEBUG line_lengths old: 4; new: 4
2023-03-19 08:13:55,599 DEBUG -> code[equal] old[1:3] new[1:3]
2023-03-19 08:13:55,599 DEBUG parse_part from 1 to 4 (to 3 in part parser)
2023-03-19 08:13:55,599 DEBUG -> code[replace] old[4:4] new[4:4]
2023-03-19 08:13:55,599 DEBUG diff parser end
2023-03-19 08:14:00,210 DEBUG diff parser start
2023-03-19 08:14:00,210 DEBUG line_lengths old: 4; new: 4
2023-03-19 08:14:00,210 DEBUG -> code[equal] old[1:3] new[1:3]
2023-03-19 08:14:00,210 DEBUG parse_part from 1 to 4 (to 3 in part parser)
2023-03-19 08:14:00,210 DEBUG -> code[replace] old[4:4] new[4:4]
2023-03-19 08:14:00,210 DEBUG diff parser end
